May 19, 2019 12:13:08 PM COM.STIW3054.project01.LogURL WriteLog
SEVERE: 
http://chess-results.coom ------> not exist
May 19, 2019 12:13:08 PM COM.STIW3054.project01.LogURL WriteLog
SEVERE: 
http://chess-results.my ------> not exist
May 19, 2019 12:13:08 PM COM.STIW3054.project01.LogURL WriteLog
SEVERE: 
http://chess-results.my ------> not exist
May 19, 2019 12:13:08 PM COM.STIW3054.project01.LogURL WriteLog
SEVERE: 
http://chess-results.coom ------> not exist
May 19, 2019 12:13:08 PM COM.STIW3054.project01.LogURL WriteLog
SEVERE: 
http://chess-results.coom ------> not exist
May 19, 2019 12:13:08 PM COM.STIW3054.project01.LogURL WriteLog
SEVERE: 
http://chess-results.coom ------> not exist
May 19, 2019 12:13:08 PM COM.STIW3054.project01.LogURL WriteLog
SEVERE: 
http://chess-results.my ------> not exist
May 19, 2019 12:13:08 PM COM.STIW3054.project01.LogURL WriteLog
SEVERE: 
http://chess-results.my ------> not exist
May 19, 2019 12:13:08 PM COM.STIW3054.project01.LogURL WriteLog
SEVERE: 
http://chess-results.my ------> not exist
May 19, 2019 12:13:08 PM COM.STIW3054.project01.LogURL WriteLog
SEVERE: 
http://chess-results.my ------> not exist
May 19, 2019 12:14:08 PM COM.STIW3054.project01.LogURL WriteLog
INFO: 
http://chess-results.coom ------> not exist
May 19, 2019 12:14:08 PM COM.STIW3054.project01.LogURL WriteLog
INFO: 
http://chess-results.my ------> not exist
May 19, 2019 12:14:08 PM COM.STIW3054.project01.LogURL WriteLog
INFO: 
http://chess-results.my ------> not exist
May 19, 2019 12:14:08 PM COM.STIW3054.project01.LogURL WriteLog
INFO: 
http://chess-results.coom ------> not exist
May 19, 2019 12:14:08 PM COM.STIW3054.project01.LogURL WriteLog
INFO: 
http://chess-results.coom ------> not exist
May 19, 2019 12:14:08 PM COM.STIW3054.project01.LogURL WriteLog
INFO: 
http://chess-results.coom ------> not exist
May 19, 2019 12:14:09 PM COM.STIW3054.project01.LogURL WriteLog
INFO: 
http://chess-results.my ------> not exist
May 19, 2019 12:14:09 PM COM.STIW3054.project01.LogURL WriteLog
INFO: 
http://chess-results.my ------> not exist
May 19, 2019 12:14:09 PM COM.STIW3054.project01.LogURL WriteLog
INFO: 
http://chess-results.my ------> not exist
May 19, 2019 12:14:09 PM COM.STIW3054.project01.LogURL WriteLog
INFO: 
http://chess-results.my ------> not exist
May 19, 2019 12:17:23 PM COM.STIW3054.project01.LogURL WriteLog
INFO: 
http://chess-results.my ------> not exist
May 19, 2019 12:17:23 PM COM.STIW3054.project01.LogURL WriteLog
INFO: 
http://chess-results.coom ------> not exist
May 19, 2019 12:17:23 PM COM.STIW3054.project01.LogURL WriteLog
INFO: 
http://chess-results.coom ------> not exist
May 19, 2019 12:17:23 PM COM.STIW3054.project01.LogURL WriteLog
INFO: 
http://chess-results.coom ------> not exist
May 19, 2019 12:17:23 PM COM.STIW3054.project01.LogURL WriteLog
INFO: 
http://chess-results.coom ------> not exist
May 19, 2019 12:17:23 PM COM.STIW3054.project01.LogURL WriteLog
INFO: 
http://chess-results.coom ------> not exist
May 19, 2019 12:17:23 PM COM.STIW3054.project01.LogURL WriteLog
INFO: 
http://chess-results.my ------> not exist
May 19, 2019 12:17:23 PM COM.STIW3054.project01.LogURL WriteLog
INFO: 
http://chess-results.my ------> not exist
May 19, 2019 12:17:23 PM COM.STIW3054.project01.LogURL WriteLog
INFO: 
http://chess-results.my ------> not exist
May 19, 2019 12:17:23 PM COM.STIW3054.project01.LogURL WriteLog
INFO: 
http://chess-results.my ------> not exist
May 20, 2019 9:57:00 PM COM.STIW3054.project01.LogURL WriteLog
INFO: 
http://chess-results.coom ------> not exist
May 20, 2019 9:57:00 PM COM.STIW3054.project01.LogURL WriteLog
INFO: 
http://chess-results.my ------> not exist
May 20, 2019 9:57:00 PM COM.STIW3054.project01.LogURL WriteLog
INFO: 
http://chess-results.my ------> not exist
May 20, 2019 9:57:00 PM COM.STIW3054.project01.LogURL WriteLog
INFO: 
http://chess-results.coom ------> not exist
May 20, 2019 9:57:00 PM COM.STIW3054.project01.LogURL WriteLog
INFO: 
http://chess-results.coom ------> not exist
May 20, 2019 9:57:00 PM COM.STIW3054.project01.LogURL WriteLog
INFO: 
http://chess-results.coom ------> not exist
May 20, 2019 9:57:00 PM COM.STIW3054.project01.LogURL WriteLog
INFO: 
http://chess-results.my ------> not exist
May 20, 2019 9:57:00 PM COM.STIW3054.project01.LogURL WriteLog
INFO: 
http://chess-results.my ------> not exist
May 20, 2019 9:57:00 PM COM.STIW3054.project01.LogURL WriteLog
INFO: 
http://chess-results.my ------> not exist
May 20, 2019 9:57:00 PM COM.STIW3054.project01.LogURL WriteLog
INFO: 
http://chess-results.my ------> not exist
May 20, 2019 10:11:14 PM COM.STIW3054.project01.LogURL WriteLog
INFO: 
http://chess-results.coom ------> not exist
May 20, 2019 10:11:14 PM COM.STIW3054.project01.LogURL WriteLog
INFO: 
http://chess-results.my ------> not exist
May 20, 2019 10:11:14 PM COM.STIW3054.project01.LogURL WriteLog
INFO: 
http://chess-results.my ------> not exist
May 20, 2019 10:11:14 PM COM.STIW3054.project01.LogURL WriteLog
INFO: 
http://chess-results.coom ------> not exist
May 20, 2019 10:11:14 PM COM.STIW3054.project01.LogURL WriteLog
INFO: 
http://chess-results.coom ------> not exist
May 20, 2019 10:11:14 PM COM.STIW3054.project01.LogURL WriteLog
INFO: 
http://chess-results.coom ------> not exist
May 20, 2019 10:11:14 PM COM.STIW3054.project01.LogURL WriteLog
INFO: 
http://chess-results.my ------> not exist
May 20, 2019 10:11:14 PM COM.STIW3054.project01.LogURL WriteLog
INFO: 
http://chess-results.my ------> not exist
May 20, 2019 10:11:14 PM COM.STIW3054.project01.LogURL WriteLog
INFO: 
http://chess-results.my ------> not exist
May 20, 2019 10:11:14 PM COM.STIW3054.project01.LogURL WriteLog
INFO: 
http://chess-results.my ------> not exist
May 20, 2019 10:16:16 PM COM.STIW3054.project01.LogURL WriteLog
INFO: 
http://chess-results.coom ------> not exist
May 20, 2019 10:16:16 PM COM.STIW3054.project01.LogURL WriteLog
INFO: 
http://chess-results.my ------> not exist
May 20, 2019 10:16:16 PM COM.STIW3054.project01.LogURL WriteLog
INFO: 
http://chess-results.my ------> not exist
May 20, 2019 10:16:16 PM COM.STIW3054.project01.LogURL WriteLog
INFO: 
http://chess-results.coom ------> not exist
May 20, 2019 10:16:16 PM COM.STIW3054.project01.LogURL WriteLog
INFO: 
http://chess-results.coom ------> not exist
May 20, 2019 10:16:16 PM COM.STIW3054.project01.LogURL WriteLog
INFO: 
http://chess-results.coom ------> not exist
May 20, 2019 10:16:17 PM COM.STIW3054.project01.LogURL WriteLog
INFO: 
http://chess-results.my ------> not exist
May 20, 2019 10:16:17 PM COM.STIW3054.project01.LogURL WriteLog
INFO: 
http://chess-results.my ------> not exist
May 20, 2019 10:16:17 PM COM.STIW3054.project01.LogURL WriteLog
INFO: 
http://chess-results.my ------> not exist
May 20, 2019 10:16:17 PM COM.STIW3054.project01.LogURL WriteLog
INFO: 
http://chess-results.my ------> not exist
May 20, 2019 11:50:12 PM COM.STIW3054.project01.LogURL WriteLog
INFO: 
http://chess-results.coom ------> not exist
May 20, 2019 11:50:12 PM COM.STIW3054.project01.LogURL WriteLog
INFO: 
http://chess-results.my ------> not exist
May 20, 2019 11:50:12 PM COM.STIW3054.project01.LogURL WriteLog
INFO: 
http://chess-results.my ------> not exist
May 20, 2019 11:50:12 PM COM.STIW3054.project01.LogURL WriteLog
INFO: 
http://chess-results.coom ------> not exist
May 20, 2019 11:50:12 PM COM.STIW3054.project01.LogURL WriteLog
INFO: 
http://chess-results.coom ------> not exist
May 20, 2019 11:50:12 PM COM.STIW3054.project01.LogURL WriteLog
INFO: 
http://chess-results.coom ------> not exist
May 20, 2019 11:50:12 PM COM.STIW3054.project01.LogURL WriteLog
INFO: 
http://chess-results.my ------> not exist
May 20, 2019 11:50:12 PM COM.STIW3054.project01.LogURL WriteLog
INFO: 
http://chess-results.my ------> not exist
May 20, 2019 11:50:12 PM COM.STIW3054.project01.LogURL WriteLog
INFO: 
http://chess-results.my ------> not exist
May 20, 2019 11:50:12 PM COM.STIW3054.project01.LogURL WriteLog
INFO: 
http://chess-results.my ------> not exist
May 20, 2019 11:51:13 PM COM.STIW3054.project01.LogURL WriteLog
INFO: 
http://chess-results.coom ------> not exist
May 20, 2019 11:51:14 PM COM.STIW3054.project01.LogURL WriteLog
INFO: 
http://chess-results.my ------> not exist
May 20, 2019 11:51:14 PM COM.STIW3054.project01.LogURL WriteLog
INFO: 
http://chess-results.my ------> not exist
May 20, 2019 11:51:14 PM COM.STIW3054.project01.LogURL WriteLog
INFO: 
http://chess-results.coom ------> not exist
May 20, 2019 11:51:14 PM COM.STIW3054.project01.LogURL WriteLog
INFO: 
http://chess-results.coom ------> not exist
May 20, 2019 11:51:14 PM COM.STIW3054.project01.LogURL WriteLog
INFO: 
http://chess-results.coom ------> not exist
May 20, 2019 11:51:14 PM COM.STIW3054.project01.LogURL WriteLog
INFO: 
http://chess-results.my ------> not exist
May 20, 2019 11:51:14 PM COM.STIW3054.project01.LogURL WriteLog
INFO: 
http://chess-results.my ------> not exist
May 20, 2019 11:51:14 PM COM.STIW3054.project01.LogURL WriteLog
INFO: 
http://chess-results.my ------> not exist
May 20, 2019 11:51:14 PM COM.STIW3054.project01.LogURL WriteLog
INFO: 
http://chess-results.my ------> not exist
